<?xml version="1.0" encoding="UTF-8"?>
<!-- Generated by org.testng.reporters.JUnitReportReporter -->
<testsuite hostname="GayatriHomePC" failures="0" tests="3" name="TestRunner.testrunner" time="0.048" errors="0" timestamp="2023-09-14T11:35:12 EDT" skipped="0">
  <testcase classname="TestRunner.testrunner" name="runScenario" time="0.003"/>
  <testcase classname="TestRunner.testrunner" name="runScenario" time="0.002"/>
  <testcase classname="TestRunner.testrunner" name="runScenario" time="0.043"/>
</testsuite> <!-- TestRunner.testrunner -->
