<?xml version="1.0" encoding="UTF-8"?>
<!-- Generated by org.testng.reporters.JUnitReportReporter -->
<testsuite hostname="GayatriHomePC" failures="0" tests="14" name="TestRunner.testrunner" time="0.104" errors="0" timestamp="2023-09-17T18:16:19 EDT" skipped="0">
  <testcase classname="TestRunner.testrunner" name="runScenario" time="0.003"/>
  <testcase classname="TestRunner.testrunner" name="runScenario" time="0.003"/>
  <testcase classname="TestRunner.testrunner" name="runScenario" time="0.003"/>
  <testcase classname="TestRunner.testrunner" name="runScenario" time="0.003"/>
  <testcase classname="TestRunner.testrunner" name="runScenario" time="0.006"/>
  <testcase classname="TestRunner.testrunner" name="runScenario" time="0.005"/>
  <testcase classname="TestRunner.testrunner" name="runScenario" time="0.001"/>
  <testcase classname="TestRunner.testrunner" name="runScenario" time="0.003"/>
  <testcase classname="TestRunner.testrunner" name="runScenario" time="0.061"/>
  <testcase classname="TestRunner.testrunner" name="runScenario" time="0.002"/>
  <testcase classname="TestRunner.testrunner" name="runScenario" time="0.004"/>
  <testcase classname="TestRunner.testrunner" name="runScenario" time="0.003"/>
  <testcase classname="TestRunner.testrunner" name="runScenario" time="0.002"/>
  <testcase classname="TestRunner.testrunner" name="runScenario" time="0.005"/>
</testsuite> <!-- TestRunner.testrunner -->
