<?xml version="1.0" encoding="UTF-8"?>
<!-- Generated by org.testng.reporters.JUnitReportReporter -->
<testsuite hostname="GayatriHomePC" failures="0" tests="1" name="TestRunner.testrunner" time="0.063" errors="0" timestamp="2023-09-15T11:13:08 EDT" skipped="0">
  <testcase classname="TestRunner.testrunner" name="runScenario" time="0.063"/>
</testsuite> <!-- TestRunner.testrunner -->
